c:\users\joao\desktop\cours_physique_jv_jclaustre\box2d_v2.2.1\box2d_v2.2.1\build\vs2010\bin\debug\glui.pdb
c:\users\joao\desktop\cours_physique_jv_jclaustre\box2d_v2.2.1\box2d_v2.2.1\build\vs2010\bin\debug\glui.idb
c:\users\joao\desktop\cours_physique_jv_jclaustre\box2d_v2.2.1\box2d_v2.2.1\build\vs2010\obj\x32\debug\glui\glui_filebrowser.obj
c:\users\joao\desktop\cours_physique_jv_jclaustre\box2d_v2.2.1\box2d_v2.2.1\build\vs2010\obj\x32\debug\glui\glui_list.obj
c:\users\joao\desktop\cours_physique_jv_jclaustre\box2d_v2.2.1\box2d_v2.2.1\build\vs2010\obj\x32\debug\glui\glui_listbox.obj
c:\users\joao\desktop\cours_physique_jv_jclaustre\box2d_v2.2.1\box2d_v2.2.1\build\vs2010\obj\x32\debug\glui\glui_mouse_iaction.obj
c:\users\joao\desktop\cours_physique_jv_jclaustre\box2d_v2.2.1\box2d_v2.2.1\build\vs2010\obj\x32\debug\glui\glui_node.obj
c:\users\joao\desktop\cours_physique_jv_jclaustre\box2d_v2.2.1\box2d_v2.2.1\build\vs2010\obj\x32\debug\glui\glui_panel.obj
c:\users\joao\desktop\cours_physique_jv_jclaustre\box2d_v2.2.1\box2d_v2.2.1\build\vs2010\obj\x32\debug\glui\glui_radio.obj
c:\users\joao\desktop\cours_physique_jv_jclaustre\box2d_v2.2.1\box2d_v2.2.1\build\vs2010\obj\x32\debug\glui\glui_rollout.obj
c:\users\joao\desktop\cours_physique_jv_jclaustre\box2d_v2.2.1\box2d_v2.2.1\build\vs2010\obj\x32\debug\glui\glui_rotation.obj
c:\users\joao\desktop\cours_physique_jv_jclaustre\box2d_v2.2.1\box2d_v2.2.1\build\vs2010\obj\x32\debug\glui\glui_scrollbar.obj
c:\users\joao\desktop\cours_physique_jv_jclaustre\box2d_v2.2.1\box2d_v2.2.1\build\vs2010\obj\x32\debug\glui\glui_separator.obj
c:\users\joao\desktop\cours_physique_jv_jclaustre\box2d_v2.2.1\box2d_v2.2.1\build\vs2010\obj\x32\debug\glui\glui_spinner.obj
c:\users\joao\desktop\cours_physique_jv_jclaustre\box2d_v2.2.1\box2d_v2.2.1\build\vs2010\obj\x32\debug\glui\glui_statictext.obj
c:\users\joao\desktop\cours_physique_jv_jclaustre\box2d_v2.2.1\box2d_v2.2.1\build\vs2010\obj\x32\debug\glui\glui_string.obj
c:\users\joao\desktop\cours_physique_jv_jclaustre\box2d_v2.2.1\box2d_v2.2.1\build\vs2010\obj\x32\debug\glui\glui_textbox.obj
c:\users\joao\desktop\cours_physique_jv_jclaustre\box2d_v2.2.1\box2d_v2.2.1\build\vs2010\obj\x32\debug\glui\glui_translation.obj
c:\users\joao\desktop\cours_physique_jv_jclaustre\box2d_v2.2.1\box2d_v2.2.1\build\vs2010\obj\x32\debug\glui\glui_tree.obj
c:\users\joao\desktop\cours_physique_jv_jclaustre\box2d_v2.2.1\box2d_v2.2.1\build\vs2010\obj\x32\debug\glui\glui_treepanel.obj
c:\users\joao\desktop\cours_physique_jv_jclaustre\box2d_v2.2.1\box2d_v2.2.1\build\vs2010\obj\x32\debug\glui\glui_window.obj
c:\users\joao\desktop\cours_physique_jv_jclaustre\box2d_v2.2.1\box2d_v2.2.1\build\vs2010\obj\x32\debug\glui\quaternion.obj
c:\users\joao\desktop\cours_physique_jv_jclaustre\box2d_v2.2.1\box2d_v2.2.1\build\vs2010\obj\x32\debug\glui\algebra3.obj
c:\users\joao\desktop\cours_physique_jv_jclaustre\box2d_v2.2.1\box2d_v2.2.1\build\vs2010\obj\x32\debug\glui\arcball.obj
c:\users\joao\desktop\cours_physique_jv_jclaustre\box2d_v2.2.1\box2d_v2.2.1\build\vs2010\obj\x32\debug\glui\glui.obj
c:\users\joao\desktop\cours_physique_jv_jclaustre\box2d_v2.2.1\box2d_v2.2.1\build\vs2010\obj\x32\debug\glui\glui_add_controls.obj
c:\users\joao\desktop\cours_physique_jv_jclaustre\box2d_v2.2.1\box2d_v2.2.1\build\vs2010\obj\x32\debug\glui\glui_bitmaps.obj
c:\users\joao\desktop\cours_physique_jv_jclaustre\box2d_v2.2.1\box2d_v2.2.1\build\vs2010\obj\x32\debug\glui\glui_bitmap_img_data.obj
c:\users\joao\desktop\cours_physique_jv_jclaustre\box2d_v2.2.1\box2d_v2.2.1\build\vs2010\obj\x32\debug\glui\glui_button.obj
c:\users\joao\desktop\cours_physique_jv_jclaustre\box2d_v2.2.1\box2d_v2.2.1\build\vs2010\obj\x32\debug\glui\glui_checkbox.obj
c:\users\joao\desktop\cours_physique_jv_jclaustre\box2d_v2.2.1\box2d_v2.2.1\build\vs2010\obj\x32\debug\glui\glui_column.obj
c:\users\joao\desktop\cours_physique_jv_jclaustre\box2d_v2.2.1\box2d_v2.2.1\build\vs2010\obj\x32\debug\glui\glui_commandline.obj
c:\users\joao\desktop\cours_physique_jv_jclaustre\box2d_v2.2.1\box2d_v2.2.1\build\vs2010\obj\x32\debug\glui\glui_control.obj
c:\users\joao\desktop\cours_physique_jv_jclaustre\box2d_v2.2.1\box2d_v2.2.1\build\vs2010\obj\x32\debug\glui\glui_edittext.obj
c:\users\joao\desktop\cours_physique_jv_jclaustre\box2d_v2.2.1\box2d_v2.2.1\build\vs2010\bin\debug\glui.lib
c:\users\joao\desktop\cours_physique_jv_jclaustre\box2d_v2.2.1\box2d_v2.2.1\build\vs2010\obj\x32\debug\glui\glui.tlog\cl.command.1.tlog
c:\users\joao\desktop\cours_physique_jv_jclaustre\box2d_v2.2.1\box2d_v2.2.1\build\vs2010\obj\x32\debug\glui\glui.tlog\cl.read.1.tlog
c:\users\joao\desktop\cours_physique_jv_jclaustre\box2d_v2.2.1\box2d_v2.2.1\build\vs2010\obj\x32\debug\glui\glui.tlog\cl.write.1.tlog
c:\users\joao\desktop\cours_physique_jv_jclaustre\box2d_v2.2.1\box2d_v2.2.1\build\vs2010\obj\x32\debug\glui\glui.tlog\lib-link.read.1.tlog
c:\users\joao\desktop\cours_physique_jv_jclaustre\box2d_v2.2.1\box2d_v2.2.1\build\vs2010\obj\x32\debug\glui\glui.tlog\lib-link.write.1.tlog
c:\users\joao\desktop\cours_physique_jv_jclaustre\box2d_v2.2.1\box2d_v2.2.1\build\vs2010\obj\x32\debug\glui\glui.tlog\lib.command.1.tlog
