c:\users\joao\desktop\cours_physique_jv_jclaustre\box2d_v2.2.1\box2d_v2.2.1\build\vs2010\bin\debug\box2d.pdb
c:\users\joao\desktop\cours_physique_jv_jclaustre\box2d_v2.2.1\box2d_v2.2.1\build\vs2010\bin\debug\box2d.idb
c:\users\joao\desktop\cours_physique_jv_jclaustre\box2d_v2.2.1\box2d_v2.2.1\build\vs2010\obj\x32\debug\box2d\b2chainandpolygoncontact.obj
c:\users\joao\desktop\cours_physique_jv_jclaustre\box2d_v2.2.1\box2d_v2.2.1\build\vs2010\obj\x32\debug\box2d\b2circlecontact.obj
c:\users\joao\desktop\cours_physique_jv_jclaustre\box2d_v2.2.1\box2d_v2.2.1\build\vs2010\obj\x32\debug\box2d\b2contact.obj
c:\users\joao\desktop\cours_physique_jv_jclaustre\box2d_v2.2.1\box2d_v2.2.1\build\vs2010\obj\x32\debug\box2d\b2contactsolver.obj
c:\users\joao\desktop\cours_physique_jv_jclaustre\box2d_v2.2.1\box2d_v2.2.1\build\vs2010\obj\x32\debug\box2d\b2edgeandcirclecontact.obj
c:\users\joao\desktop\cours_physique_jv_jclaustre\box2d_v2.2.1\box2d_v2.2.1\build\vs2010\obj\x32\debug\box2d\b2edgeandpolygoncontact.obj
c:\users\joao\desktop\cours_physique_jv_jclaustre\box2d_v2.2.1\box2d_v2.2.1\build\vs2010\obj\x32\debug\box2d\b2polygonandcirclecontact.obj
c:\users\joao\desktop\cours_physique_jv_jclaustre\box2d_v2.2.1\box2d_v2.2.1\build\vs2010\obj\x32\debug\box2d\b2polygoncontact.obj
c:\users\joao\desktop\cours_physique_jv_jclaustre\box2d_v2.2.1\box2d_v2.2.1\build\vs2010\obj\x32\debug\box2d\b2distancejoint.obj
c:\users\joao\desktop\cours_physique_jv_jclaustre\box2d_v2.2.1\box2d_v2.2.1\build\vs2010\obj\x32\debug\box2d\b2frictionjoint.obj
c:\users\joao\desktop\cours_physique_jv_jclaustre\box2d_v2.2.1\box2d_v2.2.1\build\vs2010\obj\x32\debug\box2d\b2gearjoint.obj
c:\users\joao\desktop\cours_physique_jv_jclaustre\box2d_v2.2.1\box2d_v2.2.1\build\vs2010\obj\x32\debug\box2d\b2joint.obj
c:\users\joao\desktop\cours_physique_jv_jclaustre\box2d_v2.2.1\box2d_v2.2.1\build\vs2010\obj\x32\debug\box2d\b2mousejoint.obj
c:\users\joao\desktop\cours_physique_jv_jclaustre\box2d_v2.2.1\box2d_v2.2.1\build\vs2010\obj\x32\debug\box2d\b2prismaticjoint.obj
c:\users\joao\desktop\cours_physique_jv_jclaustre\box2d_v2.2.1\box2d_v2.2.1\build\vs2010\obj\x32\debug\box2d\b2pulleyjoint.obj
c:\users\joao\desktop\cours_physique_jv_jclaustre\box2d_v2.2.1\box2d_v2.2.1\build\vs2010\obj\x32\debug\box2d\b2revolutejoint.obj
c:\users\joao\desktop\cours_physique_jv_jclaustre\box2d_v2.2.1\box2d_v2.2.1\build\vs2010\obj\x32\debug\box2d\b2ropejoint.obj
c:\users\joao\desktop\cours_physique_jv_jclaustre\box2d_v2.2.1\box2d_v2.2.1\build\vs2010\obj\x32\debug\box2d\b2weldjoint.obj
c:\users\joao\desktop\cours_physique_jv_jclaustre\box2d_v2.2.1\box2d_v2.2.1\build\vs2010\obj\x32\debug\box2d\b2wheeljoint.obj
c:\users\joao\desktop\cours_physique_jv_jclaustre\box2d_v2.2.1\box2d_v2.2.1\build\vs2010\obj\x32\debug\box2d\b2rope.obj
c:\users\joao\desktop\cours_physique_jv_jclaustre\box2d_v2.2.1\box2d_v2.2.1\build\vs2010\obj\x32\debug\box2d\b2distance.obj
c:\users\joao\desktop\cours_physique_jv_jclaustre\box2d_v2.2.1\box2d_v2.2.1\build\vs2010\obj\x32\debug\box2d\b2dynamictree.obj
c:\users\joao\desktop\cours_physique_jv_jclaustre\box2d_v2.2.1\box2d_v2.2.1\build\vs2010\obj\x32\debug\box2d\b2timeofimpact.obj
c:\users\joao\desktop\cours_physique_jv_jclaustre\box2d_v2.2.1\box2d_v2.2.1\build\vs2010\obj\x32\debug\box2d\b2chainshape.obj
c:\users\joao\desktop\cours_physique_jv_jclaustre\box2d_v2.2.1\box2d_v2.2.1\build\vs2010\obj\x32\debug\box2d\b2circleshape.obj
c:\users\joao\desktop\cours_physique_jv_jclaustre\box2d_v2.2.1\box2d_v2.2.1\build\vs2010\obj\x32\debug\box2d\b2edgeshape.obj
c:\users\joao\desktop\cours_physique_jv_jclaustre\box2d_v2.2.1\box2d_v2.2.1\build\vs2010\obj\x32\debug\box2d\b2polygonshape.obj
c:\users\joao\desktop\cours_physique_jv_jclaustre\box2d_v2.2.1\box2d_v2.2.1\build\vs2010\obj\x32\debug\box2d\b2blockallocator.obj
c:\users\joao\desktop\cours_physique_jv_jclaustre\box2d_v2.2.1\box2d_v2.2.1\build\vs2010\obj\x32\debug\box2d\b2draw.obj
c:\users\joao\desktop\cours_physique_jv_jclaustre\box2d_v2.2.1\box2d_v2.2.1\build\vs2010\obj\x32\debug\box2d\b2math.obj
c:\users\joao\desktop\cours_physique_jv_jclaustre\box2d_v2.2.1\box2d_v2.2.1\build\vs2010\obj\x32\debug\box2d\b2settings.obj
c:\users\joao\desktop\cours_physique_jv_jclaustre\box2d_v2.2.1\box2d_v2.2.1\build\vs2010\obj\x32\debug\box2d\b2stackallocator.obj
c:\users\joao\desktop\cours_physique_jv_jclaustre\box2d_v2.2.1\box2d_v2.2.1\build\vs2010\obj\x32\debug\box2d\b2timer.obj
c:\users\joao\desktop\cours_physique_jv_jclaustre\box2d_v2.2.1\box2d_v2.2.1\build\vs2010\obj\x32\debug\box2d\b2body.obj
c:\users\joao\desktop\cours_physique_jv_jclaustre\box2d_v2.2.1\box2d_v2.2.1\build\vs2010\obj\x32\debug\box2d\b2contactmanager.obj
c:\users\joao\desktop\cours_physique_jv_jclaustre\box2d_v2.2.1\box2d_v2.2.1\build\vs2010\obj\x32\debug\box2d\b2fixture.obj
c:\users\joao\desktop\cours_physique_jv_jclaustre\box2d_v2.2.1\box2d_v2.2.1\build\vs2010\obj\x32\debug\box2d\b2island.obj
c:\users\joao\desktop\cours_physique_jv_jclaustre\box2d_v2.2.1\box2d_v2.2.1\build\vs2010\obj\x32\debug\box2d\b2world.obj
c:\users\joao\desktop\cours_physique_jv_jclaustre\box2d_v2.2.1\box2d_v2.2.1\build\vs2010\obj\x32\debug\box2d\b2worldcallbacks.obj
c:\users\joao\desktop\cours_physique_jv_jclaustre\box2d_v2.2.1\box2d_v2.2.1\build\vs2010\obj\x32\debug\box2d\b2chainandcirclecontact.obj
c:\users\joao\desktop\cours_physique_jv_jclaustre\box2d_v2.2.1\box2d_v2.2.1\build\vs2010\obj\x32\debug\box2d\b2broadphase.obj
c:\users\joao\desktop\cours_physique_jv_jclaustre\box2d_v2.2.1\box2d_v2.2.1\build\vs2010\obj\x32\debug\box2d\b2collidecircle.obj
c:\users\joao\desktop\cours_physique_jv_jclaustre\box2d_v2.2.1\box2d_v2.2.1\build\vs2010\obj\x32\debug\box2d\b2collideedge.obj
c:\users\joao\desktop\cours_physique_jv_jclaustre\box2d_v2.2.1\box2d_v2.2.1\build\vs2010\obj\x32\debug\box2d\b2collidepolygon.obj
c:\users\joao\desktop\cours_physique_jv_jclaustre\box2d_v2.2.1\box2d_v2.2.1\build\vs2010\obj\x32\debug\box2d\b2collision.obj
c:\users\joao\desktop\cours_physique_jv_jclaustre\box2d_v2.2.1\box2d_v2.2.1\build\vs2010\bin\debug\box2d.lib
c:\users\joao\desktop\cours_physique_jv_jclaustre\box2d_v2.2.1\box2d_v2.2.1\build\vs2010\obj\x32\debug\box2d\box2d.tlog\cl.command.1.tlog
c:\users\joao\desktop\cours_physique_jv_jclaustre\box2d_v2.2.1\box2d_v2.2.1\build\vs2010\obj\x32\debug\box2d\box2d.tlog\cl.read.1.tlog
c:\users\joao\desktop\cours_physique_jv_jclaustre\box2d_v2.2.1\box2d_v2.2.1\build\vs2010\obj\x32\debug\box2d\box2d.tlog\cl.write.1.tlog
c:\users\joao\desktop\cours_physique_jv_jclaustre\box2d_v2.2.1\box2d_v2.2.1\build\vs2010\obj\x32\debug\box2d\box2d.tlog\lib-link.read.1.tlog
c:\users\joao\desktop\cours_physique_jv_jclaustre\box2d_v2.2.1\box2d_v2.2.1\build\vs2010\obj\x32\debug\box2d\box2d.tlog\lib-link.write.1.tlog
c:\users\joao\desktop\cours_physique_jv_jclaustre\box2d_v2.2.1\box2d_v2.2.1\build\vs2010\obj\x32\debug\box2d\box2d.tlog\lib.command.1.tlog
